<?xml version="1.0" encoding="UTF-8"?>
<testsuite xmlns:xsi="http://www.w3.org/2001/XMLSchema-instance" xsi:noNamespaceSchemaLocation="https://maven.apache.org/surefire/maven-surefire-plugin/xsd/surefire-test-report-3.0.xsd" version="3.0" name="com.example.CalculatorTest" time="0.029" tests="1" errors="0" skipped="0" failures="0">
  <properties>
    <property name="java.specification.version" value="20"/>
    <property name="sun.cpu.isalist" value="amd64"/>
    <property name="sun.jnu.encoding" value="MS932"/>
    <property name="java.class.path" value="c:\Users\Ohyxi\Desktop\repository\junit-ci-test\demo\target\test-classes;c:\Users\Ohyxi\Desktop\repository\junit-ci-test\demo\target\classes;C:\Users\Ohyxi\.m2\repository\org\junit\jupiter\junit-jupiter\5.10.0\junit-jupiter-5.10.0.jar;C:\Users\Ohyxi\.m2\repository\org\junit\jupiter\junit-jupiter-api\5.10.0\junit-jupiter-api-5.10.0.jar;C:\Users\Ohyxi\.m2\repository\org\opentest4j\opentest4j\1.3.0\opentest4j-1.3.0.jar;C:\Users\Ohyxi\.m2\repository\org\junit\platform\junit-platform-commons\1.10.0\junit-platform-commons-1.10.0.jar;C:\Users\Ohyxi\.m2\repository\org\apiguardian\apiguardian-api\1.1.2\apiguardian-api-1.1.2.jar;C:\Users\Ohyxi\.m2\repository\org\junit\jupiter\junit-jupiter-params\5.10.0\junit-jupiter-params-5.10.0.jar;C:\Users\Ohyxi\.m2\repository\org\junit\jupiter\junit-jupiter-engine\5.10.0\junit-jupiter-engine-5.10.0.jar;C:\Users\Ohyxi\.m2\repository\org\junit\platform\junit-platform-engine\1.10.0\junit-platform-engine-1.10.0.jar;"/>
    <property name="java.vm.vendor" value="Oracle Corporation"/>
    <property name="sun.arch.data.model" value="64"/>
    <property name="user.variant" value=""/>
    <property name="java.vendor.url" value="https://java.oracle.com/"/>
    <property name="user.timezone" value="Asia/Tokyo"/>
    <property name="os.name" value="Windows 11"/>
    <property name="java.vm.specification.version" value="20"/>
    <property name="sun.java.launcher" value="SUN_STANDARD"/>
    <property name="user.country" value="JP"/>
    <property name="sun.boot.library.path" value="C:\Program Files\Java\jdk-20\bin"/>
    <property name="sun.java.command" value="C:\Users\Ohyxi\AppData\Local\Temp\surefire11146070463968046295\surefirebooter-20250413204550997_3.jar C:\Users\Ohyxi\AppData\Local\Temp\surefire11146070463968046295 2025-04-13T20-45-50_904-jvmRun1 surefire-20250413204550997_1tmp surefire_0-20250413204550997_2tmp"/>
    <property name="jdk.debug" value="release"/>
    <property name="surefire.test.class.path" value="c:\Users\Ohyxi\Desktop\repository\junit-ci-test\demo\target\test-classes;c:\Users\Ohyxi\Desktop\repository\junit-ci-test\demo\target\classes;C:\Users\Ohyxi\.m2\repository\org\junit\jupiter\junit-jupiter\5.10.0\junit-jupiter-5.10.0.jar;C:\Users\Ohyxi\.m2\repository\org\junit\jupiter\junit-jupiter-api\5.10.0\junit-jupiter-api-5.10.0.jar;C:\Users\Ohyxi\.m2\repository\org\opentest4j\opentest4j\1.3.0\opentest4j-1.3.0.jar;C:\Users\Ohyxi\.m2\repository\org\junit\platform\junit-platform-commons\1.10.0\junit-platform-commons-1.10.0.jar;C:\Users\Ohyxi\.m2\repository\org\apiguardian\apiguardian-api\1.1.2\apiguardian-api-1.1.2.jar;C:\Users\Ohyxi\.m2\repository\org\junit\jupiter\junit-jupiter-params\5.10.0\junit-jupiter-params-5.10.0.jar;C:\Users\Ohyxi\.m2\repository\org\junit\jupiter\junit-jupiter-engine\5.10.0\junit-jupiter-engine-5.10.0.jar;C:\Users\Ohyxi\.m2\repository\org\junit\platform\junit-platform-engine\1.10.0\junit-platform-engine-1.10.0.jar;"/>
    <property name="sun.cpu.endian" value="little"/>
    <property name="user.home" value="C:\Users\Ohyxi"/>
    <property name="user.language" value="ja"/>
    <property name="java.specification.vendor" value="Oracle Corporation"/>
    <property name="java.version.date" value="2023-07-18"/>
    <property name="java.home" value="C:\Program Files\Java\jdk-20"/>
    <property name="file.separator" value="\"/>
    <property name="basedir" value="c:\Users\Ohyxi\Desktop\repository\junit-ci-test\demo"/>
    <property name="java.vm.compressedOopsMode" value="Zero based"/>
    <property name="line.separator" value="&#10;"/>
    <property name="java.vm.specification.vendor" value="Oracle Corporation"/>
    <property name="java.specification.name" value="Java Platform API Specification"/>
    <property name="surefire.real.class.path" value="C:\Users\Ohyxi\AppData\Local\Temp\surefire11146070463968046295\surefirebooter-20250413204550997_3.jar"/>
    <property name="user.script" value=""/>
    <property name="sun.management.compiler" value="HotSpot 64-Bit Tiered Compilers"/>
    <property name="java.runtime.version" value="20.0.2+9-78"/>
    <property name="user.name" value="Ohyxi"/>
    <property name="stdout.encoding" value="MS932"/>
    <property name="path.separator" value=";"/>
    <property name="os.version" value="10.0"/>
    <property name="java.runtime.name" value="Java(TM) SE Runtime Environment"/>
    <property name="file.encoding" value="UTF-8"/>
    <property name="java.vm.name" value="Java HotSpot(TM) 64-Bit Server VM"/>
    <property name="localRepository" value="C:\Users\Ohyxi\.m2\repository"/>
    <property name="java.vendor.url.bug" value="https://bugreport.java.com/bugreport/"/>
    <property name="java.io.tmpdir" value="C:\Users\Ohyxi\AppData\Local\Temp\"/>
    <property name="java.version" value="20.0.2"/>
    <property name="user.dir" value="c:\Users\Ohyxi\Desktop\repository\junit-ci-test\demo"/>
    <property name="os.arch" value="amd64"/>
    <property name="java.vm.specification.name" value="Java Virtual Machine Specification"/>
    <property name="sun.os.patch.level" value=""/>
    <property name="native.encoding" value="MS932"/>
    <property name="java.library.path" value="C:\Program Files\Java\jdk-20\bin;C:\WINDOWS\Sun\Java\bin;C:\WINDOWS\system32;C:\WINDOWS;C:\oracle_db\dbhomeFree\bin;C:\Program Files\Common Files\Oracle\Java\javapath;C:\WINDOWS\system32;C:\WINDOWS;C:\WINDOWS\System32\Wbem;C:\WINDOWS\System32\WindowsPowerShell\v1.0\;C:\WINDOWS\System32\OpenSSH\;C:\Program Files (x86)\NVIDIA Corporation\PhysX\Common;C:\Program Files\NVIDIA Corporation\NVIDIA NvDLISR;C:\Users\Ohyxi\AppData\Roaming\nvm;C:\Program Files\nodejs;C:\Program Files\Git\cmd;C:\Program Files\Java\jdk-20\bin;C:\Program Files\Docker\Docker\resources\bin;C:\Users\Ohyxi\AppData\Local\Programs\Microsoft VS Code\;C:\Program Files\WinMerge;C:\Program Files\GitHub CLI\;C:\Users\Ohyxi\peco_windows_amd64;C:\oracle_db\dbhomeFree\bin;C:\Users\Ohyxi\Desktop\bat;C:\Program Files\Amazon\AWSCLIV2\;C:\Users\Ohyxi\AppData\Local\Packages\PythonSoftwareFoundation.Python.3.11_qbz5n2kfra8p0\LocalCache\local-packages\Python311\Scripts;C:\Users\Ohyxi\AppData\Local\Programs\Python\Python39\;C:\Users\Ohyxi\AppData\Local\Programs\Python\Python39\Scripts\;C:\Users\Ohyxi\Desktop\bat\git-ailas;C:\Program Files (x86)\sakura;C:\Program Files\PowerShell\7\;C:\PowerShellSettings\Microsoft.PowerShell_profile.ps1;C:\Program Files\Apache\Maven\apache-maven-3.9.9\bin;C:\Users\Ohyxi\AppData\Local\Programs\oh-my-posh\bin\;C:\Users\Ohyxi\AppData\Local\Programs\Python\Python39\Scripts\;C:\Users\Ohyxi\AppData\Local\Programs\Python\Python39\;C:\Users\Ohyxi\AppData\Local\Programs\Python\Python39-32\Scripts\;C:\Users\Ohyxi\AppData\Local\Programs\Python\Python39-32\;C:\Users\Ohyxi\scoop\shims;C:\Users\Ohyxi\AppData\Local\Microsoft\WindowsApps;C:\Users\Ohyxi\AppData\Local\Programs\Microsoft VS Code\bin;C:\Users\Ohyxi\AppData\Roaming\npm;C:\Users\Ohyxi\AppData\Roaming\nvm;C:\Program Files\nodejs;C:\Program Files\MySQL\MySQL Server 5.7\bin\;;C:\Users\Ohyxi\AppData\Roaming\Programs\Zero Install;C:\Users\Ohyxi\AppData\Local\Microsoft\WindowsApps;C:\Users\Ohyxi\AppData\Local\Microsoft\WinGet\Packages\peco.peco_Microsoft.Winget.Source_8wekyb3d8bbwe\peco_windows_amd64;C:\Users\Ohyxi\AppData\Local\Programs\cursor\resources\app\bin;c:\Users\Ohyxi\AppData\Roaming\Code\User\globalStorage\github.copilot-chat\debugCommand;."/>
    <property name="java.vm.info" value="mixed mode, sharing"/>
    <property name="stderr.encoding" value="MS932"/>
    <property name="java.vendor" value="Oracle Corporation"/>
    <property name="java.vm.version" value="20.0.2+9-78"/>
    <property name="sun.io.unicode.encoding" value="UnicodeLittle"/>
    <property name="java.class.version" value="64.0"/>
  </properties>
  <testcase name="testAdd" classname="com.example.CalculatorTest" time="0.016"/>
</testsuite>